2025-05-06 19:45:00,272 - 1H3M_TradingBot - INFO - Бот инициализирован для EURUSD с максимальной целью 250 пунктов
2025-05-06 19:45:00,284 - 1H3M_TradingBot - INFO - Данные загружены: 240 часовых свечей, 1440 3-минутных свечей
2025-05-06 19:45:00,285 - 1H3M_TradingBot - INFO - Определен контекст рынка: long
2025-05-06 19:45:00,286 - 1H3M_TradingBot - INFO - Обновлен дневной лимит (DL): 1.0981150120141494
2025-05-06 19:52:50,445 - 1H3M_TradingBot - INFO - Бот инициализирован для EURUSD с максимальной целью 250 пунктов
2025-05-06 19:52:50,458 - 1H3M_TradingBot - INFO - Данные загружены: 240 часовых свечей, 1440 3-минутных свечей
2025-05-06 19:52:50,459 - 1H3M_TradingBot - INFO - Определен контекст рынка: long
2025-05-06 19:52:50,461 - 1H3M_TradingBot - INFO - Обновлен дневной лимит (DL): 1.0981150120141494
2025-05-06 20:12:25,322 - 1H3M_TradingBot - INFO - Бот инициализирован для EURUSD с максимальной целью 250.0 пунктов
2025-05-06 20:12:25,335 - 1H3M_TradingBot - INFO - Данные загружены: 240 часовых свечей, 1440 3-минутных свечей
2025-05-06 20:12:25,336 - 1H3M_TradingBot - INFO - Определен контекст рынка: long
2025-05-06 20:12:25,338 - 1H3M_TradingBot - INFO - Обновлен дневной лимит (DL): 1.0981150120141494
2025-05-06 20:15:12,602 - 1H3M_TradingBot - INFO - Бот инициализирован для EURUSD с максимальной целью 250.0 пунктов
2025-05-06 20:15:12,615 - 1H3M_TradingBot - INFO - Данные загружены: 240 часовых свечей, 1440 3-минутных свечей
2025-05-06 20:15:12,616 - 1H3M_TradingBot - INFO - Определен контекст рынка: long
2025-05-06 20:15:12,617 - 1H3M_TradingBot - INFO - Обновлен дневной лимит (DL): 1.0981150120141494
2025-05-06 20:38:31,309 - 1H3M_TradingBot - INFO - Бот инициализирован для EURUSD с максимальной целью 250.0 пунктов
2025-05-06 20:38:31,321 - 1H3M_TradingBot - INFO - Данные загружены: 240 часовых свечей, 1440 3-минутных свечей
2025-05-06 20:38:31,322 - 1H3M_TradingBot - INFO - Определен контекст рынка: long
2025-05-06 20:38:31,323 - 1H3M_TradingBot - INFO - Обновлен дневной лимит (DL): 1.0981150120141494
2025-05-06 21:04:39,840 - 1H3M_TradingBot - INFO - Бот инициализирован для EURUSD с максимальной целью 250 пунктов
2025-05-06 21:04:39,844 - 1H3M_TradingBot - INFO - Данные загружены: 2 часовых свечей, 2 3-минутных свечей
2025-05-06 21:04:39,845 - 1H3M_TradingBot - INFO - Бот инициализирован для EURUSD с максимальной целью 250 пунктов
2025-05-06 21:04:39,847 - 1H3M_TradingBot - INFO - Данные загружены: 2 часовых свечей, 2 3-минутных свечей
2025-05-06 21:04:39,848 - 1H3M_TradingBot - INFO - Бот инициализирован для EURUSD с максимальной целью 250 пунктов
2025-05-06 21:04:39,966 - 1H3M_TradingBot - ERROR - Ошибка при получении данных с Twelve Data: Invalid **interval** provided: 1H. Supported intervals: 1min, 5min, 15min, 30min, 45min, 1h, 2h, 4h, 8h, 1day, 1week, 1month
2025-05-06 21:04:39,981 - 1H3M_TradingBot - INFO - Бот инициализирован для EURUSD с максимальной целью 250 пунктов
2025-05-06 21:04:39,997 - 1H3M_TradingBot - INFO - Бот инициализирован для EURUSD с максимальной целью 250 пунктов
2025-05-06 21:04:39,998 - 1H3M_TradingBot - INFO - Бот инициализирован для EURUSD с максимальной целью 250 пунктов
2025-05-06 21:04:40,005 - 1H3M_TradingBot - INFO - Определен контекст рынка: short
2025-05-06 21:04:40,006 - 1H3M_TradingBot - INFO - Бот инициализирован для EURUSD с максимальной целью 250 пунктов
2025-05-06 21:04:40,009 - 1H3M_TradingBot - INFO - Определен контекст рынка: short
2025-05-06 21:04:40,010 - 1H3M_TradingBot - INFO - Бот инициализирован для EURUSD с максимальной целью 250 пунктов
2025-05-06 21:04:40,015 - 1H3M_TradingBot - INFO - Бот инициализирован для EURUSD с максимальной целью 250 пунктов
2025-05-06 21:04:40,022 - 1H3M_TradingBot - INFO - Бот инициализирован для EURUSD с максимальной целью 250 пунктов
2025-05-06 21:04:40,026 - 1H3M_TradingBot - INFO - Бот инициализирован для EURUSD с максимальной целью 250 пунктов
2025-05-06 21:04:40,027 - 1H3M_TradingBot - INFO - Бот инициализирован для GER40 с максимальной целью 400 пунктов
2025-05-06 21:04:40,028 - 1H3M_TradingBot - INFO - Бот инициализирован для EURUSD с максимальной целью 250 пунктов
2025-05-06 21:04:40,029 - 1H3M_TradingBot - INFO - Бот инициализирован для EURUSD с максимальной целью 250 пунктов
2025-05-06 21:04:40,032 - 1H3M_TradingBot - INFO - Бот инициализирован для EURUSD с максимальной целью 250 пунктов
2025-05-06 21:04:40,036 - 1H3M_TradingBot - INFO - Бот инициализирован для EURUSD с максимальной целью 250 пунктов
2025-05-06 21:04:40,039 - 1H3M_TradingBot - INFO - Бот инициализирован для EURUSD с максимальной целью 250 пунктов
2025-05-06 21:04:40,042 - 1H3M_TradingBot - INFO - Бот инициализирован для EURUSD с максимальной целью 250 пунктов
2025-05-06 21:04:40,046 - 1H3M_TradingBot - INFO - Бот инициализирован для EURUSD с максимальной целью 250 пунктов
2025-05-06 21:04:40,049 - 1H3M_TradingBot - INFO - Бот инициализирован для EURUSD с максимальной целью 250 пунктов
2025-05-06 21:04:40,052 - 1H3M_TradingBot - INFO - Бот инициализирован для EURUSD с максимальной целью 250 пунктов
2025-05-06 21:04:40,054 - 1H3M_TradingBot - INFO - Бот инициализирован для EURUSD с максимальной целью 250 пунктов
2025-05-06 21:04:40,057 - 1H3M_TradingBot - INFO - Бот инициализирован для EURUSD с максимальной целью 250 пунктов
2025-05-06 21:04:40,060 - 1H3M_TradingBot - INFO - Бот инициализирован для EURUSD с максимальной целью 250 пунктов
2025-05-06 21:04:40,063 - 1H3M_TradingBot - INFO - Бот инициализирован для EURUSD с максимальной целью 250 пунктов
2025-05-06 21:04:40,065 - 1H3M_TradingBot - INFO - Бот инициализирован для EURUSD с максимальной целью 250 пунктов
2025-05-06 21:05:50,178 - 1H3M_TradingBot - INFO - Бот инициализирован для EURUSD с максимальной целью 250 пунктов
2025-05-06 21:05:50,179 - 1H3M_TradingBot - INFO - Бот инициализирован для GER40 с максимальной целью 400 пунктов
2025-05-06 21:05:50,180 - 1H3M_TradingBot - INFO - Бот инициализирован для EURUSD с максимальной целью 250 пунктов
2025-05-06 21:09:47,878 - 1H3M_TradingBot - INFO - Бот инициализирован для EURUSD с максимальной целью 250 пунктов
2025-05-06 21:09:47,881 - 1H3M_TradingBot - INFO - Данные загружены: 2 часовых свечей, 2 3-минутных свечей
2025-05-06 21:09:47,882 - 1H3M_TradingBot - INFO - Бот инициализирован для EURUSD с максимальной целью 250 пунктов
2025-05-06 21:09:47,883 - 1H3M_TradingBot - INFO - Данные загружены: 2 часовых свечей, 2 3-минутных свечей
2025-05-06 21:09:47,883 - 1H3M_TradingBot - INFO - Бот инициализирован для EURUSD с максимальной целью 250 пунктов
2025-05-06 21:09:48,032 - 1H3M_TradingBot - ERROR - Ошибка при получении данных с Twelve Data: Invalid **interval** provided: 1H. Supported intervals: 1min, 5min, 15min, 30min, 45min, 1h, 2h, 4h, 8h, 1day, 1week, 1month
2025-05-06 21:09:48,038 - 1H3M_TradingBot - INFO - Бот инициализирован для EURUSD с максимальной целью 250 пунктов
2025-05-06 21:09:48,042 - 1H3M_TradingBot - INFO - Бот инициализирован для EURUSD с максимальной целью 250 пунктов
2025-05-06 21:11:46,164 - 1H3M_TradingBot - INFO - Бот инициализирован для EURUSD с максимальной целью 250 пунктов
2025-05-06 21:11:46,166 - 1H3M_TradingBot - INFO - Данные загружены: 2 часовых свечей, 2 3-минутных свечей
2025-05-06 21:11:46,167 - 1H3M_TradingBot - INFO - Бот инициализирован для EURUSD с максимальной целью 250 пунктов
2025-05-06 21:11:46,168 - 1H3M_TradingBot - INFO - Данные загружены: 2 часовых свечей, 2 3-минутных свечей
2025-05-06 21:11:46,169 - 1H3M_TradingBot - INFO - Бот инициализирован для EURUSD с максимальной целью 250 пунктов
2025-05-06 21:11:46,283 - 1H3M_TradingBot - ERROR - Ошибка при получении данных с Twelve Data: Invalid **interval** provided: 1H. Supported intervals: 1min, 5min, 15min, 30min, 45min, 1h, 2h, 4h, 8h, 1day, 1week, 1month
2025-05-06 21:11:46,288 - 1H3M_TradingBot - INFO - Бот инициализирован для EURUSD с максимальной целью 250 пунктов
2025-05-06 21:11:46,290 - 1H3M_TradingBot - INFO - Бот инициализирован для EURUSD с максимальной целью 250 пунктов
2025-05-06 21:11:57,056 - 1H3M_TradingBot - INFO - Бот инициализирован для EURUSD с максимальной целью 250 пунктов
2025-05-06 21:11:57,058 - 1H3M_TradingBot - INFO - Данные загружены: 2 часовых свечей, 2 3-минутных свечей
2025-05-06 21:11:57,059 - 1H3M_TradingBot - INFO - Бот инициализирован для EURUSD с максимальной целью 250 пунктов
2025-05-06 21:11:57,060 - 1H3M_TradingBot - INFO - Данные загружены: 2 часовых свечей, 2 3-минутных свечей
2025-05-06 21:11:57,061 - 1H3M_TradingBot - INFO - Бот инициализирован для EURUSD с максимальной целью 250 пунктов
2025-05-06 21:11:57,170 - 1H3M_TradingBot - ERROR - Ошибка при получении данных с Twelve Data: Invalid **interval** provided: 1H. Supported intervals: 1min, 5min, 15min, 30min, 45min, 1h, 2h, 4h, 8h, 1day, 1week, 1month
2025-05-06 21:11:57,174 - 1H3M_TradingBot - INFO - Бот инициализирован для EURUSD с максимальной целью 250 пунктов
2025-05-06 21:11:57,177 - 1H3M_TradingBot - INFO - Бот инициализирован для EURUSD с максимальной целью 250 пунктов
